<?xml version="1.0" encoding="UTF-8"?>
<testng-results ignored="0" total="2" passed="2" failed="0" skipped="0">
  <reporter-output>
  </reporter-output>
  <suite started-at="2025-06-27T21:21:12 IST" name="Default suite" finished-at="2025-06-27T21:21:13 IST" duration-ms="931">
    <groups>
      <group name="cucumber">
        <method signature="AbstractTestNGCucumberTests.runScenario(io.cucumber.testng.PickleWrapper,io.cucumber.testng.FeatureWrapper)[pri:0, instance:runner.Scenario_outline_Runner@3012646b]" name="runScenario" class="io.cucumber.testng.AbstractTestNGCucumberTests"/>
      </group> <!-- cucumber -->
    </groups>
    <test started-at="2025-06-27T21:21:12 IST" name="Default test" finished-at="2025-06-27T21:21:13 IST" duration-ms="931">
      <class name="runner.Scenario_outline_Runner">
        <test-method is-config="true" signature="setUpClass(org.testng.ITestContext)[pri:0, instance:runner.Scenario_outline_Runner@3012646b]" started-at="2025-06-27T21:21:12 IST" name="setUpClass" finished-at="2025-06-27T21:21:12 IST" duration-ms="569" status="PASS">
          <params>
            <param index="0">
              <value>
                <![CDATA[org.testng.TestRunner@556d0826]]>
              </value>
            </param>
          </params>
          <reporter-output>
          </reporter-output>
        </test-method> <!-- setUpClass -->
        <test-method signature="runScenario(io.cucumber.testng.PickleWrapper,io.cucumber.testng.FeatureWrapper)[pri:0, instance:runner.Scenario_outline_Runner@3012646b]" started-at="2025-06-27T21:21:12 IST" name="runScenario" description="Runs Cucumber Scenarios" data-provider="scenarios" finished-at="2025-06-27T21:21:13 IST" duration-ms="233" status="PASS">
          <params>
            <param index="0">
              <value>
                <![CDATA["Sign up to application"]]>
              </value>
            </param>
            <param index="1">
              <value>
                <![CDATA["Signup functionality"]]>
              </value>
            </param>
          </params>
          <reporter-output>
          </reporter-output>
        </test-method> <!-- runScenario -->
        <test-method signature="runScenario(io.cucumber.testng.PickleWrapper,io.cucumber.testng.FeatureWrapper)[pri:0, instance:runner.Scenario_outline_Runner@3012646b]" started-at="2025-06-27T21:21:13 IST" name="runScenario" description="Runs Cucumber Scenarios" data-provider="scenarios" finished-at="2025-06-27T21:21:13 IST" duration-ms="8" status="PASS">
          <params>
            <param index="0">
              <value>
                <![CDATA["Sign up to application"]]>
              </value>
            </param>
            <param index="1">
              <value>
                <![CDATA["Signup functionality"]]>
              </value>
            </param>
          </params>
          <reporter-output>
          </reporter-output>
        </test-method> <!-- runScenario -->
        <test-method is-config="true" signature="tearDownClass()[pri:0, instance:runner.Scenario_outline_Runner@3012646b]" started-at="2025-06-27T21:21:13 IST" name="tearDownClass" finished-at="2025-06-27T21:21:13 IST" duration-ms="4" status="PASS">
          <reporter-output>
          </reporter-output>
        </test-method> <!-- tearDownClass -->
      </class> <!-- runner.Scenario_outline_Runner -->
    </test> <!-- Default test -->
  </suite> <!-- Default suite -->
</testng-results>
